Softwareentwicklung - Android App/app/build/intermediates/manifest_merge_blame_file/debug/manifest-merger-blame-debug-report.txt
1<?xml version="1.0" encoding="utf-8"?>
2<manifest xmlns:android="http://schemas.android.com/apk/res/android"
3    package="at.htlkaindorf.ahme17.pusthy16.relaxsesselsteuerungv2"
4    android:versionCode="1"
5    android:versionName="1.0" >
6
7    <uses-sdk
8        android:minSdkVersion="26"
8-->src\main\AndroidManifest.xml
9        android:targetSdkVersion="31" />
9-->src\main\AndroidManifest.xml
10
11    <application
11-->src\main\AndroidManifest.xml:5:5-34:19
12        android:name="at.htlkaindorf.ahme17.pusthy16.relaxsesselsteuerungv2.RssApp"
12-->src\main\AndroidManifest.xml:6:9-31
13        android:allowBackup="true"
13-->src\main\AndroidManifest.xml:7:9-35
14        android:appComponentFactory="androidx.core.app.CoreComponentFactory"
14-->[androidx.core:core:1.7.0] AndroidManifest.xml:24:18-86
15        android:debuggable="true"
16        android:extractNativeLibs="false"
17        android:icon="@mipmap/ic_launcher"
17-->src\main\AndroidManifest.xml:8:9-43
18        android:label="@string/app_name"
18-->src\main\AndroidManifest.xml:9:9-41
19        android:roundIcon="@mipmap/ic_launcher_round"
19-->src\main\AndroidManifest.xml:10:9-54
20        android:supportsRtl="true"
20-->src\main\AndroidManifest.xml:11:9-35
21        android:testOnly="true"
22        android:theme="@style/Theme.RelaxsesselSteuerungV2" >
22-->src\main\AndroidManifest.xml:12:9-60
23        <activity
23-->src\main\AndroidManifest.xml:13:9-15:40
24            android:name="at.htlkaindorf.ahme17.pusthy16.relaxsesselsteuerungv2.gui.activities.NFCActivity"
24-->src\main\AndroidManifest.xml:14:13-55
25            android:exported="false" />
25-->src\main\AndroidManifest.xml:15:13-37
26        <activity
26-->src\main\AndroidManifest.xml:16:9-18:40
27            android:name="at.htlkaindorf.ahme17.pusthy16.relaxsesselsteuerungv2.gui.activities.RecyclerListActivity"
27-->src\main\AndroidManifest.xml:17:13-64
28            android:exported="false" />
28-->src\main\AndroidManifest.xml:18:13-37
29        <activity
29-->src\main\AndroidManifest.xml:19:9-21:40
30            android:name="at.htlkaindorf.ahme17.pusthy16.relaxsesselsteuerungv2.gui.oldVersions.UserListActivity"
30-->src\main\AndroidManifest.xml:20:13-61
31            android:exported="false" />
31-->src\main\AndroidManifest.xml:21:13-37
32        <activity
32-->src\main\AndroidManifest.xml:22:9-30:20
33            android:name="at.htlkaindorf.ahme17.pusthy16.relaxsesselsteuerungv2.gui.activities.SplashActivity"
33-->src\main\AndroidManifest.xml:23:13-58
34            android:exported="true" >
34-->src\main\AndroidManifest.xml:24:13-36
35            <intent-filter>
35-->src\main\AndroidManifest.xml:25:13-29:29
36                <action android:name="android.intent.action.MAIN" />
36-->src\main\AndroidManifest.xml:26:17-69
36-->src\main\AndroidManifest.xml:26:25-66
37
38                <category android:name="android.intent.category.LAUNCHER" />
38-->src\main\AndroidManifest.xml:28:17-77
38-->src\main\AndroidManifest.xml:28:27-74
39            </intent-filter>
40        </activity>
41        <activity
41-->src\main\AndroidManifest.xml:31:9-33:40
42            android:name="at.htlkaindorf.ahme17.pusthy16.relaxsesselsteuerungv2.gui.activities.MainActivity"
42-->src\main\AndroidManifest.xml:32:13-56
43            android:exported="false" />
43-->src\main\AndroidManifest.xml:33:13-37
44
45        <provider
45-->[androidx.emoji2:emoji2:1.0.0] AndroidManifest.xml:26:9-34:20
46            android:name="androidx.startup.InitializationProvider"
46-->[androidx.emoji2:emoji2:1.0.0] AndroidManifest.xml:27:13-67
47            android:authorities="at.htlkaindorf.ahme17.pusthy16.relaxsesselsteuerungv2.androidx-startup"
47-->[androidx.emoji2:emoji2:1.0.0] AndroidManifest.xml:28:13-68
48            android:exported="false" >
48-->[androidx.emoji2:emoji2:1.0.0] AndroidManifest.xml:29:13-37
49            <meta-data
49-->[androidx.emoji2:emoji2:1.0.0] AndroidManifest.xml:31:13-33:52
50                android:name="androidx.emoji2.text.EmojiCompatInitializer"
50-->[androidx.emoji2:emoji2:1.0.0] AndroidManifest.xml:32:17-75
51                android:value="androidx.startup" />
51-->[androidx.emoji2:emoji2:1.0.0] AndroidManifest.xml:33:17-49
52            <meta-data
52-->[androidx.lifecycle:lifecycle-process:2.4.0] AndroidManifest.xml:31:13-33:52
53                android:name="androidx.lifecycle.ProcessLifecycleInitializer"
53-->[androidx.lifecycle:lifecycle-process:2.4.0] AndroidManifest.xml:32:17-78
54                android:value="androidx.startup" />
54-->[androidx.lifecycle:lifecycle-process:2.4.0] AndroidManifest.xml:33:17-49
55        </provider>
56    </application>
57
58</manifest>